22:15:35 **** Build of configuration Debug for project SumaPromedio ****
make all 
Building file: ../src/SumaPromedio.c
Invoking: Cross GCC Compiler
gcc -O0 -g3 -Wall -c -fmessage-length=0 -MMD -MP -MF"src/SumaPromedio.d" -MT"src/SumaPromedio.o" -o "src/SumaPromedio.o" "../src/SumaPromedio.c"
Finished building: ../src/SumaPromedio.c
 
Building target: SumaPromedio
Invoking: Cross GCC Linker
gcc  -o "SumaPromedio"  ./src/SumaPromedio.o   
Finished building target: SumaPromedio
 
22:15:42 **** Incremental Build of configuration Debug for project SumaPromedio ****
make all 
make: No se hace nada para 'all'.
22:16:58 **** Incremental Build of configuration Debug for project SumaPromedio ****
make all 
Building file: ../src/SumaPromedio.c
Invoking: Cross GCC Compiler
gcc -O0 -g3 -Wall -c -fmessage-length=0 -MMD -MP -MF"src/SumaPromedio.d" -MT"src/SumaPromedio.o" -o "src/SumaPromedio.o" "../src/SumaPromedio.c"
Finished building: ../src/SumaPromedio.c
 
Building target: SumaPromedio
Invoking: Cross GCC Linker
gcc  -o "SumaPromedio"  ./src/SumaPromedio.o   
Finished building target: SumaPromedio
 
22:19:19 **** Incremental Build of configuration Debug for project SumaPromedio ****
make all 
Building file: ../src/SumaPromedio.c
Invoking: Cross GCC Compiler
gcc -O0 -g3 -Wall -c -fmessage-length=0 -MMD -MP -MF"src/SumaPromedio.d" -MT"src/SumaPromedio.o" -o "src/SumaPromedio.o" "../src/SumaPromedio.c"
../src/SumaPromedio.c: In function ‘main’:
../src/SumaPromedio.c:26:2: warning: statement with no effect [-Wunused-value]
  for(i;i>0;i--){
  ^~~
Finished building: ../src/SumaPromedio.c
 
Building target: SumaPromedio
Invoking: Cross GCC Linker
gcc  -o "SumaPromedio"  ./src/SumaPromedio.o   
Finished building target: SumaPromedio
 
22:19:27 **** Incremental Build of configuration Debug for project SumaPromedio ****
make all 
make: No se hace nada para 'all'.
